/*C3*/SET SCHEMA PUBLIC
CREATE TABLE IF NOT EXISTS Comment    (comment varchar(255), date varchar(10), score varchar(1))
CREATE TABLE IF NOT EXISTS Investment (owner varchar(50), date int, amount varchar(50), currency varchar(10), amountSFr varchar(50))
CREATE TABLE IF NOT EXISTS Payment    (owner varchar(50), target varchar(50), amount int, currency varchar(10), amountSFr int)
CREATE TABLE IF NOT EXISTS Message    (owner varchar(50), date int, viewType int, message varchar(255))
CREATE TABLE IF NOT EXISTS User       (email varchar(50), password varchar(100))
DISCONNECT
/*C8*/SET SCHEMA PUBLIC
INSERT INTO USER VALUES('greg@gmail.com','bb6679bd15b7f000a63a68cc289e8be1b7dd36710be46dffac38962a7e9a54b0')
COMMIT
/*C9*/SET SCHEMA PUBLIC
INSERT INTO PAYMENT VALUES('greg@gmail.com','target@mail.com',123,'SFr',123)
COMMIT
/*C5*/SET SCHEMA PUBLIC
DISCONNECT
/*C9*/DISCONNECT
/*C7*/SET SCHEMA PUBLIC
DISCONNECT
/*C6*/SET SCHEMA PUBLIC
DISCONNECT
/*C8*/DISCONNECT
/*C4*/SET SCHEMA PUBLIC
DISCONNECT
/*C10*/SET SCHEMA PUBLIC
INSERT INTO INVESTMENT VALUES('greg@gmail.com',-1906277923,'22','SFr','22')
COMMIT
/*C11*/SET SCHEMA PUBLIC
CREATE TABLE IF NOT EXISTS Comment    (comment varchar(255), date varchar(10), score varchar(1))
CREATE TABLE IF NOT EXISTS Investment (owner varchar(50), date int, amount varchar(50), currency varchar(10), amountSFr varchar(50))
CREATE TABLE IF NOT EXISTS Payment    (owner varchar(50), target varchar(50), amount int, currency varchar(10), amountSFr int)
CREATE TABLE IF NOT EXISTS Message    (owner varchar(50), date int, viewType int, message varchar(255))
CREATE TABLE IF NOT EXISTS User       (email varchar(50), password varchar(100))
/*C13*/SET SCHEMA PUBLIC
INSERT INTO COMMENT VALUES('Beh, not sure :S','03-11-2020','4')
COMMIT
